<component name="ProjectRunConfigurationManager">
  <configuration default="false" name="Test Results" type="js.build_tools.npm">
    <package-json value="$PROJECT_DIR$/package.json" />
    <command value="run" />
    <scripts>
      <script value="odata-playground-e2e:test-results" />
    </scripts>
    <node-interpreter value="project" />
    <envs />
    <method v="2" />
  </configuration>
</component>